<?xml version="1.0" encoding="UTF-8"?>
<testng-results skipped="0" failed="0" total="1" passed="1">
  <reporter-output>
  </reporter-output>
  <suite name="SampleTestSuite" duration-ms="15159" started-at="2015-10-27T18:41:00Z" finished-at="2015-10-27T18:41:15Z">
    <groups>
    </groups>
    <test name="Sample Test" duration-ms="15159" started-at="2015-10-27T18:41:00Z" finished-at="2015-10-27T18:41:15Z">
      <class name="jenkins.test">
        <test-method status="PASS" signature="StartPage()[pri:0, instance:jenkins.test@36858c07]" name="StartPage" duration-ms="15096" started-at="2015-10-27T14:41:00Z" finished-at="2015-10-27T14:41:15Z">
          <reporter-output>
          </reporter-output>
        </test-method> <!-- StartPage -->
      </class> <!-- jenkins.test -->
    </test> <!-- Sample Test -->
  </suite> <!-- SampleTestSuite -->
</testng-results>
